<?xml version="1.0" encoding="UTF-8"?>
<testng-results ignored="0" total="2" passed="1" failed="1" skipped="0">
  <reporter-output>
  </reporter-output>
  <suite started-at="2022-11-01T16:00:07 IST" name="Default suite" finished-at="2022-11-01T16:00:46 IST" duration-ms="39101">
    <groups>
    </groups>
    <test started-at="2022-11-01T16:00:07 IST" name="Default test" finished-at="2022-11-01T16:00:46 IST" duration-ms="39101">
      <class name="Module1_Login_Test_class.OrangeHRM_TestNG_Test_Class">
        <test-method is-config="true" signature="OpenBrowser()[pri:0, instance:Module1_Login_Test_class.OrangeHRM_TestNG_Test_Class@15ff3e9e]" started-at="2022-11-01T16:00:07 IST" name="OpenBrowser" finished-at="2022-11-01T16:00:18 IST" duration-ms="11061" status="PASS">
          <reporter-output>
          </reporter-output>
        </test-method> <!-- OpenBrowser -->
        <test-method is-config="true" signature="Login()[pri:0, instance:Module1_Login_Test_class.OrangeHRM_TestNG_Test_Class@15ff3e9e]" started-at="2022-11-01T16:00:18 IST" name="Login" finished-at="2022-11-01T16:00:19 IST" duration-ms="629" status="PASS">
          <reporter-output>
          </reporter-output>
        </test-method> <!-- Login -->
        <test-method signature="VerifyTitle()[pri:0, instance:Module1_Login_Test_class.OrangeHRM_TestNG_Test_Class@15ff3e9e]" started-at="2022-11-01T16:00:19 IST" name="VerifyTitle" finished-at="2022-11-01T16:00:24 IST" duration-ms="5398" status="PASS">
          <reporter-output>
          </reporter-output>
        </test-method> <!-- VerifyTitle -->
        <test-method is-config="true" signature="LogOut(org.testng.ITestResult)[pri:0, instance:Module1_Login_Test_class.OrangeHRM_TestNG_Test_Class@15ff3e9e]" started-at="2022-11-01T16:00:24 IST" name="LogOut" finished-at="2022-11-01T16:00:25 IST" duration-ms="1346" status="PASS">
          <params>
            <param index="0">
              <value>
                <![CDATA[[TestResult name=VerifyTitle status=SUCCESS method=OrangeHRM_TestNG_Test_Class.VerifyTitle()[pri:0, instance:Module1_Login_Test_class.OrangeHRM_TestNG_Test_Class@15ff3e9e] output={null}]]]>
              </value>
            </param>
          </params>
          <reporter-output>
          </reporter-output>
        </test-method> <!-- LogOut -->
        <test-method is-config="true" signature="Login()[pri:0, instance:Module1_Login_Test_class.OrangeHRM_TestNG_Test_Class@15ff3e9e]" started-at="2022-11-01T16:00:25 IST" name="Login" finished-at="2022-11-01T16:00:26 IST" duration-ms="149" status="PASS">
          <reporter-output>
          </reporter-output>
        </test-method> <!-- Login -->
        <test-method signature="VerifyUsername()[pri:0, instance:Module1_Login_Test_class.OrangeHRM_TestNG_Test_Class@15ff3e9e]" started-at="2022-11-01T16:00:26 IST" name="VerifyUsername" finished-at="2022-11-01T16:00:28 IST" duration-ms="2589" status="FAIL">
          <exception class="java.lang.AssertionError">
            <message>
              <![CDATA[expected [Paul Collings] but found [Siddhi Yadav]]]>
            </message>
            <full-stacktrace>
              <![CDATA[java.lang.AssertionError: expected [Paul Collings] but found [Siddhi Yadav]
at org.testng.Assert.fail(Assert.java:99)
at org.testng.Assert.failNotEquals(Assert.java:1037)
at org.testng.Assert.assertEqualsImpl(Assert.java:140)
at org.testng.Assert.assertEquals(Assert.java:122)
at org.testng.Assert.assertEquals(Assert.java:629)
at org.testng.Assert.assertEquals(Assert.java:639)
at Module1_Login_Test_class.OrangeHRM_TestNG_Test_Class.VerifyUsername(OrangeHRM_TestNG_Test_Class.java:64)
at java.base/jdk.internal.reflect.DirectMethodHandleAccessor.invoke(DirectMethodHandleAccessor.java:104)
at java.base/java.lang.reflect.Method.invoke(Method.java:577)
at org.testng.internal.MethodInvocationHelper.invokeMethod(MethodInvocationHelper.java:133)
at org.testng.internal.TestInvoker.invokeMethod(TestInvoker.java:598)
at org.testng.internal.TestInvoker.invokeTestMethod(TestInvoker.java:173)
at org.testng.internal.MethodRunner.runInSequence(MethodRunner.java:46)
at org.testng.internal.TestInvoker$MethodInvocationAgent.invoke(TestInvoker.java:824)
at org.testng.internal.TestInvoker.invokeTestMethods(TestInvoker.java:146)
at org.testng.internal.TestMethodWorker.invokeTestMethods(TestMethodWorker.java:146)
at org.testng.internal.TestMethodWorker.run(TestMethodWorker.java:128)
at java.base/java.util.ArrayList.forEach(ArrayList.java:1511)
at org.testng.TestRunner.privateRun(TestRunner.java:794)
at org.testng.TestRunner.run(TestRunner.java:596)
at org.testng.SuiteRunner.runTest(SuiteRunner.java:377)
at org.testng.SuiteRunner.runSequentially(SuiteRunner.java:371)
at org.testng.SuiteRunner.privateRun(SuiteRunner.java:332)
at org.testng.SuiteRunner.run(SuiteRunner.java:276)
at org.testng.SuiteRunnerWorker.runSuite(SuiteRunnerWorker.java:53)
at org.testng.SuiteRunnerWorker.run(SuiteRunnerWorker.java:96)
at org.testng.TestNG.runSuitesSequentially(TestNG.java:1212)
at org.testng.TestNG.runSuitesLocally(TestNG.java:1134)
at org.testng.TestNG.runSuites(TestNG.java:1063)
at org.testng.TestNG.run(TestNG.java:1031)
at org.testng.remote.AbstractRemoteTestNG.run(AbstractRemoteTestNG.java:115)
at org.testng.remote.RemoteTestNG.initAndRun(RemoteTestNG.java:251)
at org.testng.remote.RemoteTestNG.main(RemoteTestNG.java:77)
]]>
            </full-stacktrace>
          </exception> <!-- java.lang.AssertionError -->
          <reporter-output>
          </reporter-output>
        </test-method> <!-- VerifyUsername -->
        <test-method is-config="true" signature="LogOut(org.testng.ITestResult)[pri:0, instance:Module1_Login_Test_class.OrangeHRM_TestNG_Test_Class@15ff3e9e]" started-at="2022-11-01T16:00:28 IST" name="LogOut" finished-at="2022-11-01T16:00:30 IST" duration-ms="1616" status="PASS">
          <params>
            <param index="0">
              <value>
                <![CDATA[[TestResult name=VerifyUsername status=FAILURE method=OrangeHRM_TestNG_Test_Class.VerifyUsername()[pri:0, instance:Module1_Login_Test_class.OrangeHRM_TestNG_Test_Class@15ff3e9e] output={null}]]]>
              </value>
            </param>
          </params>
          <reporter-output>
          </reporter-output>
        </test-method> <!-- LogOut -->
        <test-method is-config="true" signature="CloseBrowser()[pri:0, instance:Module1_Login_Test_class.OrangeHRM_TestNG_Test_Class@15ff3e9e]" started-at="2022-11-01T16:00:30 IST" name="CloseBrowser" finished-at="2022-11-01T16:00:46 IST" duration-ms="16269" status="PASS">
          <reporter-output>
          </reporter-output>
        </test-method> <!-- CloseBrowser -->
      </class> <!-- Module1_Login_Test_class.OrangeHRM_TestNG_Test_Class -->
    </test> <!-- Default test -->
  </suite> <!-- Default suite -->
</testng-results>
